TN:
SF:src\App.tsx
FN:10,App
FN:15,(anonymous_1)
FN:25,(anonymous_2)
FN:33,(anonymous_3)
FN:52,(anonymous_4)
FN:62,(anonymous_5)
FN:66,(anonymous_6)
FN:71,(anonymous_7)
FN:75,(anonymous_8)
FNF:9
FNH:0
FNDA:0,App
FNDA:0,(anonymous_1)
FNDA:0,(anonymous_2)
FNDA:0,(anonymous_3)
FNDA:0,(anonymous_4)
FNDA:0,(anonymous_5)
FNDA:0,(anonymous_6)
FNDA:0,(anonymous_7)
FNDA:0,(anonymous_8)
DA:11,0
DA:12,0
DA:13,0
DA:15,0
DA:17,0
DA:25,0
DA:33,0
DA:53,0
DA:62,0
DA:66,0
DA:71,0
DA:75,0
LF:12
LH:0
BRDA:42,0,0,0
BRDA:42,0,1,0
BRDA:66,1,0,0
BRDA:66,1,1,0
BRDA:75,2,0,0
BRDA:75,2,1,0
BRF:6
BRH:0
end_of_record
TN:
SF:src\components\Modal.tsx
FN:12,Modal
FN:15,(anonymous_1)
FN:26,(anonymous_2)
FN:30,(anonymous_3)
FN:36,(anonymous_4)
FN:39,(anonymous_5)
FNF:6
FNH:5
FNDA:6,Modal
FNDA:6,(anonymous_1)
FNDA:6,(anonymous_2)
FNDA:0,(anonymous_3)
FNDA:6,(anonymous_4)
FNDA:2,(anonymous_5)
DA:13,6
DA:15,6
DA:16,6
DA:17,6
DA:19,6
DA:20,5
DA:21,1
DA:22,0
DA:26,6
DA:27,6
DA:28,6
DA:30,6
DA:31,0
DA:32,0
DA:35,6
DA:36,6
DA:39,6
DA:40,2
DA:43,6
LF:19
LH:16
BRDA:17,0,0,0
BRDA:17,0,1,6
BRDA:19,1,0,5
BRDA:19,1,1,1
BRDA:21,2,0,0
BRDA:21,2,1,1
BRDA:28,3,0,0
BRDA:28,3,1,6
BRDA:40,4,0,1
BRDA:40,4,1,1
BRF:10
BRH:7
end_of_record
TN:
SF:src\components\PasswordStrength.tsx
FN:7,PasswordStrength
FN:14,(anonymous_1)
FNF:2
FNH:2
FNDA:91,PasswordStrength
FNDA:220,(anonymous_1)
DA:8,91
DA:10,55
DA:12,55
DA:15,220
LF:4
LH:4
BRDA:8,0,0,36
BRDA:8,0,1,55
BRDA:15,1,0,140
BRDA:15,1,1,80
BRDA:16,2,0,140
BRDA:16,2,1,80
BRF:6
BRH:6
end_of_record
TN:
SF:src\components\SubmissionCard.tsx
FN:9,SubmissionCard
FN:10,(anonymous_1)
FN:12,(anonymous_2)
FN:14,(anonymous_3)
FN:15,(anonymous_4)
FNF:5
FNH:5
FNDA:6,SubmissionCard
FNDA:19,(anonymous_1)
FNDA:6,(anonymous_2)
FNDA:1,(anonymous_3)
FNDA:2,(anonymous_4)
DA:10,19
DA:12,6
DA:13,6
DA:14,2
DA:15,2
DA:18,6
LF:6
LH:6
BRDA:13,0,0,4
BRDA:13,0,1,2
BRDA:21,1,0,2
BRDA:21,1,1,4
BRDA:24,2,0,1
BRDA:24,2,1,5
BRDA:35,3,0,6
BRDA:35,3,1,2
BRF:8
BRH:8
end_of_record
TN:
SF:src\components\forms\FormField.tsx
FN:10,FormField
FNF:1
FNH:1
FNDA:728,FormField
DA:11,728
DA:32,2
DA:35,2
LF:3
LH:3
BRDA:21,0,0,728
BRDA:21,0,1,36
BRF:2
BRH:2
end_of_record
TN:
SF:src\components\forms\RHFForm.tsx
FN:13,RHFForm
FN:30,(anonymous_1)
FN:49,(anonymous_2)
FN:76,(anonymous_3)
FN:154,(anonymous_4)
FN:168,(anonymous_5)
FN:174,(anonymous_6)
FNF:7
FNH:7
FNDA:65,RHFForm
FNDA:1,(anonymous_1)
FNDA:455,(anonymous_2)
FNDA:15,(anonymous_3)
FNDA:325,(anonymous_4)
FNDA:67,(anonymous_5)
FNDA:2,(anonymous_6)
DA:14,65
DA:15,65
DA:22,65
DA:28,65
DA:30,65
DA:41,1
DA:43,1
DA:44,1
DA:45,1
DA:46,1
DA:49,65
DA:50,455
DA:52,65
DA:76,15
DA:155,325
DA:169,67
DA:174,2
LF:17
LH:17
BRDA:28,0,0,65
BRDA:28,0,1,24
BRDA:43,1,0,1
BRDA:43,1,1,0
BRDA:50,2,0,9
BRDA:50,2,1,446
BRDA:76,3,0,9
BRDA:76,3,1,6
BRDA:174,4,0,2
BRDA:174,4,1,0
BRDA:191,5,0,65
BRDA:191,5,1,0
BRDA:200,6,0,65
BRDA:200,6,1,63
BRDA:203,7,0,2
BRDA:203,7,1,63
BRF:16
BRH:13
end_of_record
TN:
SF:src\components\forms\UncontrolledForm.tsx
FN:12,UncontrolledForm
FN:15,(anonymous_1)
FN:24,(anonymous_2)
FN:76,(anonymous_3)
FN:165,(anonymous_4)
FNF:5
FNH:5
FNDA:26,UncontrolledForm
FNDA:13,(anonymous_1)
FNDA:5,(anonymous_2)
FNDA:182,(anonymous_3)
FNDA:130,(anonymous_4)
DA:13,26
DA:14,26
DA:15,26
DA:17,13
DA:22,26
DA:24,26
DA:25,5
DA:26,5
DA:27,5
DA:29,5
DA:32,5
DA:33,5
DA:35,5
DA:48,5
DA:49,5
DA:51,5
DA:52,4
DA:53,4
DA:54,38
DA:55,38
DA:57,4
DA:58,4
DA:66,1
DA:67,1
DA:69,5
DA:70,5
DA:71,5
DA:72,5
DA:73,5
DA:76,182
DA:81,26
DA:166,130
LF:32
LH:32
BRDA:32,0,0,5
BRDA:32,0,1,4
BRDA:33,1,0,1
BRDA:33,1,1,4
BRDA:33,2,0,5
BRDA:33,2,1,1
BRDA:45,3,0,1
BRDA:45,3,1,4
BRDA:51,4,0,4
BRDA:51,4,1,1
BRDA:55,5,0,31
BRDA:55,5,1,7
BRDA:55,6,0,38
BRDA:55,6,1,38
BRDA:67,7,0,1
BRDA:67,7,1,0
BRDA:77,8,0,23
BRDA:77,8,1,159
BRDA:191,9,0,26
BRDA:191,9,1,4
BRF:20
BRH:19
end_of_record
TN:
SF:src\schemas\formSchema.ts
FN:7,createFormSchema
FN:13,(anonymous_1)
FN:24,(anonymous_2)
FN:30,(anonymous_3)
FN:33,(anonymous_4)
FN:34,(anonymous_5)
FN:38,(anonymous_6)
FN:44,(anonymous_7)
FN:46,(anonymous_8)
FNF:9
FNH:9
FNDA:70,createFormSchema
FNDA:145,(anonymous_1)
FNDA:145,(anonymous_2)
FNDA:145,(anonymous_3)
FNDA:145,(anonymous_4)
FNDA:145,(anonymous_5)
FNDA:145,(anonymous_6)
FNDA:145,(anonymous_7)
FNDA:145,(anonymous_8)
DA:4,2
DA:5,2
DA:8,70
DA:13,145
DA:24,145
DA:30,145
DA:33,145
DA:35,145
DA:39,145
DA:44,145
DA:47,145
DA:48,26
LF:12
LH:12
BRDA:13,0,0,145
BRDA:13,0,1,98
BRDA:33,1,0,145
BRDA:33,1,1,6
BRDA:35,2,0,145
BRDA:35,2,1,6
BRDA:39,3,0,145
BRDA:39,3,1,6
BRDA:47,4,0,26
BRDA:47,4,1,119
BRDA:47,5,0,145
BRDA:47,5,1,76
BRDA:47,5,2,48
BRF:13
BRH:13
end_of_record
TN:
SF:src\store\formStore.ts
FN:32,(anonymous_0)
FN:35,(anonymous_1)
FN:36,(anonymous_2)
FN:47,(anonymous_3)
FN:48,(anonymous_4)
FN:49,(anonymous_5)
FNF:6
FNH:6
FNDA:4,(anonymous_0)
FNDA:9,(anonymous_1)
FNDA:9,(anonymous_2)
FNDA:3,(anonymous_3)
FNDA:3,(anonymous_4)
FNDA:4,(anonymous_5)
DA:24,4
DA:32,4
DA:36,9
DA:48,3
DA:50,4
LF:5
LH:5
BRDA:50,0,0,3
BRDA:50,0,1,1
BRF:2
BRH:2
end_of_record
TN:
SF:src\utils\emailUtils.ts
FN:1,validateEmail
FN:8,(anonymous_1)
FNF:2
FNH:2
FNDA:153,validateEmail
FNDA:133,(anonymous_1)
DA:2,153
DA:3,153
DA:4,84
DA:5,84
DA:6,83
DA:7,66
DA:8,133
DA:9,63
LF:8
LH:8
BRDA:3,0,0,69
BRDA:3,0,1,84
BRDA:5,1,0,1
BRDA:5,1,1,83
BRDA:5,2,0,84
BRDA:5,2,1,83
BRDA:6,3,0,17
BRDA:6,3,1,66
BRDA:6,4,0,83
BRDA:6,4,1,81
BRDA:8,5,0,3
BRDA:8,5,1,63
BRF:12
BRH:12
end_of_record
TN:
SF:src\utils\imageUtils.ts
FN:1,imageToBase64
FN:2,(anonymous_1)
FN:4,(anonymous_2)
FN:5,(anonymous_3)
FNF:4
FNH:3
FNDA:3,imageToBase64
FNDA:3,(anonymous_1)
FNDA:3,(anonymous_2)
FNDA:0,(anonymous_3)
DA:2,3
DA:3,3
DA:4,3
DA:5,3
DA:6,3
LF:5
LH:5
BRF:0
BRH:0
end_of_record
TN:
SF:src\utils\passwordUtils.ts
FN:6,getPasswordStrength
FNF:1
FNH:1
FNDA:59,getPasswordStrength
DA:7,59
LF:1
LH:1
BRF:0
BRH:0
end_of_record
